{"C:\\repos\\checkout-library\\src\\functions\\discounts.ts": {"path":"C:\\repos\\checkout-library\\src\\functions\\discounts.ts","statementMap":{"0":{"start":{"line":2,"column":0},"end":{"line":2,"column":76}},"1":{"start":{"line":3,"column":0},"end":{"line":3,"column":51}},"2":{"start":{"line":6,"column":19},"end":{"line":6,"column":46}},"3":{"start":{"line":7,"column":24},"end":{"line":11,"column":null}},"4":{"start":{"line":9,"column":6},"end":{"line":9,"column":48}},"5":{"start":{"line":13,"column":2},"end":{"line":13,"column":23}},"6":{"start":{"line":5,"column":0},"end":{"line":5,"column":16}},"7":{"start":{"line":17,"column":2},"end":{"line":19,"column":3}},"8":{"start":{"line":18,"column":4},"end":{"line":18,"column":13}},"9":{"start":{"line":20,"column":19},"end":{"line":20,"column":38}},"10":{"start":{"line":21,"column":2},"end":{"line":23,"column":3}},"11":{"start":{"line":22,"column":4},"end":{"line":22,"column":13}},"12":{"start":{"line":24,"column":19},"end":{"line":24,"column":51}},"13":{"start":{"line":25,"column":24},"end":{"line":25,"column":43}},"14":{"start":{"line":27,"column":2},"end":{"line":27,"column":23}},"15":{"start":{"line":16,"column":0},"end":{"line":16,"column":16}}},"fnMap":{"0":{"name":"calculateTotalDiscount","decl":{"start":{"line":5,"column":16},"end":{"line":5,"column":38}},"loc":{"start":{"line":5,"column":51},"end":{"line":14,"column":1}}},"1":{"name":"(anonymous_1)","decl":{"start":{"line":8,"column":4},"end":{"line":8,"column":5}},"loc":{"start":{"line":8,"column":33},"end":{"line":10,"column":5}}},"2":{"name":"calculateDiscountPerItem","decl":{"start":{"line":16,"column":16},"end":{"line":16,"column":40}},"loc":{"start":{"line":16,"column":69},"end":{"line":28,"column":1}}}},"branchMap":{"0":{"loc":{"start":{"line":17,"column":2},"end":{"line":19,"column":3}},"type":"if","locations":[{"start":{"line":17,"column":2},"end":{"line":19,"column":3}}]},"1":{"loc":{"start":{"line":21,"column":2},"end":{"line":23,"column":3}},"type":"if","locations":[{"start":{"line":21,"column":2},"end":{"line":23,"column":3}}]}},"s":{"0":1,"1":1,"2":3,"3":3,"4":4,"5":3,"6":1,"7":10,"8":2,"9":8,"10":8,"11":1,"12":7,"13":7,"14":7,"15":1},"f":{"0":3,"1":4,"2":10},"b":{"0":[2],"1":[1]}}
,"C:\\repos\\checkout-library\\src\\functions\\helperFunctions.ts": {"path":"C:\\repos\\checkout-library\\src\\functions\\helperFunctions.ts","statementMap":{"0":{"start":{"line":1,"column":0},"end":{"line":1,"column":51}},"1":{"start":{"line":2,"column":0},"end":{"line":2,"column":53}},"2":{"start":{"line":3,"column":0},"end":{"line":3,"column":47}},"3":{"start":{"line":6,"column":18},"end":{"line":6,"column":75}},"4":{"start":{"line":6,"column":57},"end":{"line":6,"column":74}},"5":{"start":{"line":8,"column":2},"end":{"line":8,"column":43}},"6":{"start":{"line":5,"column":0},"end":{"line":5,"column":16}},"7":{"start":{"line":12,"column":18},"end":{"line":12,"column":75}},"8":{"start":{"line":12,"column":57},"end":{"line":12,"column":74}},"9":{"start":{"line":14,"column":2},"end":{"line":14,"column":42}},"10":{"start":{"line":11,"column":0},"end":{"line":11,"column":16}},"11":{"start":{"line":18,"column":14},"end":{"line":19,"column":null}},"12":{"start":{"line":19,"column":13},"end":{"line":19,"column":50}},"13":{"start":{"line":22,"column":2},"end":{"line":22,"column":33}},"14":{"start":{"line":17,"column":0},"end":{"line":17,"column":16}},"15":{"start":{"line":26,"column":19},"end":{"line":27,"column":null}},"16":{"start":{"line":27,"column":18},"end":{"line":27,"column":62}},"17":{"start":{"line":30,"column":2},"end":{"line":30,"column":47}},"18":{"start":{"line":25,"column":0},"end":{"line":25,"column":16}},"19":{"start":{"line":34,"column":18},"end":{"line":34,"column":75}},"20":{"start":{"line":34,"column":57},"end":{"line":34,"column":74}},"21":{"start":{"line":36,"column":2},"end":{"line":36,"column":37}},"22":{"start":{"line":33,"column":0},"end":{"line":33,"column":16}}},"fnMap":{"0":{"name":"getCategoryById","decl":{"start":{"line":5,"column":16},"end":{"line":5,"column":31}},"loc":{"start":{"line":5,"column":42},"end":{"line":9,"column":1}}},"1":{"name":"(anonymous_1)","decl":{"start":{"line":6,"column":44},"end":{"line":6,"column":45}},"loc":{"start":{"line":6,"column":57},"end":{"line":6,"column":74}}},"2":{"name":"getTaxBandById","decl":{"start":{"line":11,"column":16},"end":{"line":11,"column":30}},"loc":{"start":{"line":11,"column":41},"end":{"line":15,"column":1}}},"3":{"name":"(anonymous_3)","decl":{"start":{"line":12,"column":44},"end":{"line":12,"column":45}},"loc":{"start":{"line":12,"column":57},"end":{"line":12,"column":74}}},"4":{"name":"getTaxForTaxBand","decl":{"start":{"line":17,"column":16},"end":{"line":17,"column":32}},"loc":{"start":{"line":17,"column":48},"end":{"line":23,"column":1}}},"5":{"name":"(anonymous_5)","decl":{"start":{"line":19,"column":4},"end":{"line":19,"column":5}},"loc":{"start":{"line":19,"column":13},"end":{"line":19,"column":50}}},"6":{"name":"getDiscountForCategory","decl":{"start":{"line":25,"column":16},"end":{"line":25,"column":38}},"loc":{"start":{"line":25,"column":55},"end":{"line":31,"column":1}}},"7":{"name":"(anonymous_7)","decl":{"start":{"line":27,"column":4},"end":{"line":27,"column":5}},"loc":{"start":{"line":27,"column":18},"end":{"line":27,"column":62}}},"8":{"name":"getPriceById","decl":{"start":{"line":33,"column":16},"end":{"line":33,"column":28}},"loc":{"start":{"line":33,"column":39},"end":{"line":37,"column":1}}},"9":{"name":"(anonymous_9)","decl":{"start":{"line":34,"column":44},"end":{"line":34,"column":45}},"loc":{"start":{"line":34,"column":57},"end":{"line":34,"column":74}}}},"branchMap":{"0":{"loc":{"start":{"line":8,"column":9},"end":{"line":8,"column":42}},"type":"cond-expr","locations":[{"start":{"line":8,"column":19},"end":{"line":8,"column":35}},{"start":{"line":8,"column":38},"end":{"line":8,"column":42}}]},"1":{"loc":{"start":{"line":14,"column":9},"end":{"line":14,"column":41}},"type":"cond-expr","locations":[{"start":{"line":14,"column":19},"end":{"line":14,"column":34}},{"start":{"line":14,"column":37},"end":{"line":14,"column":41}}]},"2":{"loc":{"start":{"line":22,"column":9},"end":{"line":22,"column":32}},"type":"cond-expr","locations":[{"start":{"line":22,"column":15},"end":{"line":22,"column":28}},{"start":{"line":22,"column":31},"end":{"line":22,"column":32}}]},"3":{"loc":{"start":{"line":30,"column":9},"end":{"line":30,"column":46}},"type":"cond-expr","locations":[{"start":{"line":30,"column":20},"end":{"line":30,"column":42}},{"start":{"line":30,"column":45},"end":{"line":30,"column":46}}]},"4":{"loc":{"start":{"line":36,"column":9},"end":{"line":36,"column":36}},"type":"cond-expr","locations":[{"start":{"line":36,"column":19},"end":{"line":36,"column":32}},{"start":{"line":36,"column":35},"end":{"line":36,"column":36}}]}},"s":{"0":1,"1":1,"2":1,"3":8,"4":27,"5":8,"6":1,"7":4,"8":14,"9":4,"10":1,"11":4,"12":10,"13":4,"14":1,"15":7,"16":10,"17":7,"18":1,"19":4,"20":14,"21":4,"22":1},"f":{"0":8,"1":27,"2":4,"3":14,"4":4,"5":10,"6":7,"7":10,"8":4,"9":14},"b":{"0":[7,1],"1":[4,0],"2":[4,0],"3":[4,3],"4":[4,0]}}
,"C:\\repos\\checkout-library\\src\\functions\\subtotals.ts": {"path":"C:\\repos\\checkout-library\\src\\functions\\subtotals.ts","statementMap":{"0":{"start":{"line":2,"column":0},"end":{"line":2,"column":51}},"1":{"start":{"line":3,"column":0},"end":{"line":3,"column":55}},"2":{"start":{"line":4,"column":0},"end":{"line":4,"column":65}},"3":{"start":{"line":5,"column":0},"end":{"line":5,"column":46}},"4":{"start":{"line":16,"column":6},"end":{"line":16,"column":8}},"5":{"start":{"line":18,"column":2},"end":{"line":32,"column":5}},"6":{"start":{"line":19,"column":20},"end":{"line":19,"column":77}},"7":{"start":{"line":19,"column":59},"end":{"line":19,"column":76}},"8":{"start":{"line":20,"column":4},"end":{"line":31,"column":5}},"9":{"start":{"line":21,"column":23},"end":{"line":21,"column":50}},"10":{"start":{"line":22,"column":23},"end":{"line":22,"column":61}},"11":{"start":{"line":23,"column":18},"end":{"line":23,"column":61}},"12":{"start":{"line":24,"column":6},"end":{"line":30,"column":8}},"13":{"start":{"line":34,"column":2},"end":{"line":34,"column":18}},"14":{"start":{"line":7,"column":0},"end":{"line":7,"column":16}},"15":{"start":{"line":38,"column":19},"end":{"line":38,"column":46}},"16":{"start":{"line":39,"column":24},"end":{"line":43,"column":null}},"17":{"start":{"line":41,"column":6},"end":{"line":41,"column":48}},"18":{"start":{"line":45,"column":2},"end":{"line":45,"column":23}},"19":{"start":{"line":37,"column":0},"end":{"line":37,"column":16}}},"fnMap":{"0":{"name":"calculateDataPerItem","decl":{"start":{"line":7,"column":16},"end":{"line":7,"column":36}},"loc":{"start":{"line":7,"column":49},"end":{"line":35,"column":1}}},"1":{"name":"(anonymous_1)","decl":{"start":{"line":18,"column":32},"end":{"line":18,"column":33}},"loc":{"start":{"line":18,"column":51},"end":{"line":32,"column":3}}},"2":{"name":"(anonymous_2)","decl":{"start":{"line":19,"column":46},"end":{"line":19,"column":47}},"loc":{"start":{"line":19,"column":59},"end":{"line":19,"column":76}}},"3":{"name":"calculateSubtotal","decl":{"start":{"line":37,"column":16},"end":{"line":37,"column":33}},"loc":{"start":{"line":37,"column":46},"end":{"line":46,"column":1}}},"4":{"name":"(anonymous_4)","decl":{"start":{"line":40,"column":4},"end":{"line":40,"column":5}},"loc":{"start":{"line":40,"column":33},"end":{"line":42,"column":5}}}},"branchMap":{"0":{"loc":{"start":{"line":20,"column":4},"end":{"line":31,"column":5}},"type":"if","locations":[{"start":{"line":20,"column":4},"end":{"line":31,"column":5}}]}},"s":{"0":1,"1":1,"2":1,"3":1,"4":3,"5":3,"6":6,"7":26,"8":6,"9":4,"10":4,"11":4,"12":4,"13":3,"14":1,"15":0,"16":0,"17":0,"18":0,"19":1},"f":{"0":3,"1":6,"2":26,"3":0,"4":0},"b":{"0":[4]}}
,"C:\\repos\\checkout-library\\src\\functions\\taxes.ts": {"path":"C:\\repos\\checkout-library\\src\\functions\\taxes.ts","statementMap":{"0":{"start":{"line":2,"column":0},"end":{"line":2,"column":69}},"1":{"start":{"line":3,"column":0},"end":{"line":3,"column":51}},"2":{"start":{"line":6,"column":19},"end":{"line":6,"column":46}},"3":{"start":{"line":7,"column":19},"end":{"line":11,"column":null}},"4":{"start":{"line":9,"column":6},"end":{"line":9,"column":43}},"5":{"start":{"line":13,"column":2},"end":{"line":13,"column":18}},"6":{"start":{"line":5,"column":0},"end":{"line":5,"column":16}},"7":{"start":{"line":21,"column":18},"end":{"line":21,"column":36}},"8":{"start":{"line":22,"column":20},"end":{"line":22,"column":45}},"9":{"start":{"line":23,"column":29},"end":{"line":23,"column":48}},"10":{"start":{"line":24,"column":19},"end":{"line":24,"column":49}},"11":{"start":{"line":26,"column":2},"end":{"line":26,"column":18}},"12":{"start":{"line":16,"column":0},"end":{"line":16,"column":16}}},"fnMap":{"0":{"name":"calculateTotalTax","decl":{"start":{"line":5,"column":16},"end":{"line":5,"column":33}},"loc":{"start":{"line":5,"column":46},"end":{"line":14,"column":1}}},"1":{"name":"(anonymous_1)","decl":{"start":{"line":8,"column":4},"end":{"line":8,"column":5}},"loc":{"start":{"line":8,"column":33},"end":{"line":10,"column":5}}},"2":{"name":"calculateTaxPerItem","decl":{"start":{"line":16,"column":16},"end":{"line":16,"column":35}},"loc":{"start":{"line":19,"column":18},"end":{"line":27,"column":1}}}},"branchMap":{},"s":{"0":1,"1":1,"2":0,"3":0,"4":0,"5":0,"6":1,"7":4,"8":4,"9":4,"10":4,"11":4,"12":1},"f":{"0":0,"1":0,"2":4},"b":{}}
,"C:\\repos\\checkout-library\\src\\utils\\discountData.ts": {"path":"C:\\repos\\checkout-library\\src\\utils\\discountData.ts","statementMap":{"0":{"start":{"line":1,"column":13},"end":{"line":12,"column":2}}},"fnMap":{},"branchMap":{},"s":{"0":1},"f":{},"b":{}}
,"C:\\repos\\checkout-library\\src\\utils\\productData.ts": {"path":"C:\\repos\\checkout-library\\src\\utils\\productData.ts","statementMap":{"0":{"start":{"line":1,"column":13},"end":{"line":52,"column":2}}},"fnMap":{},"branchMap":{},"s":{"0":1},"f":{},"b":{}}
,"C:\\repos\\checkout-library\\src\\utils\\taxBandData.ts": {"path":"C:\\repos\\checkout-library\\src\\utils\\taxBandData.ts","statementMap":{"0":{"start":{"line":1,"column":13},"end":{"line":16,"column":2}}},"fnMap":{},"branchMap":{},"s":{"0":1},"f":{},"b":{}}
}
