TN:
SF:..\..\..\..\repos\checkout-library\src\functions\discounts.ts
FN:5,calculateTotalDiscount
FN:8,(anonymous_1)
FN:16,calculateDiscountPerItem
FNF:3
FNH:3
FNDA:3,calculateTotalDiscount
FNDA:4,(anonymous_1)
FNDA:10,calculateDiscountPerItem
DA:2,1
DA:3,1
DA:5,1
DA:6,3
DA:7,3
DA:9,4
DA:13,3
DA:16,1
DA:17,10
DA:18,2
DA:20,8
DA:21,8
DA:22,1
DA:24,7
DA:25,7
DA:27,7
LF:16
LH:16
BRDA:17,0,0,2
BRDA:21,1,0,1
BRF:2
BRH:2
end_of_record
TN:
SF:..\..\..\..\repos\checkout-library\src\functions\helperFunctions.ts
FN:5,getCategoryById
FN:6,(anonymous_1)
FN:11,getTaxBandById
FN:12,(anonymous_3)
FN:17,getTaxForTaxBand
FN:19,(anonymous_5)
FN:25,getDiscountForCategory
FN:27,(anonymous_7)
FN:33,getPriceById
FN:34,(anonymous_9)
FNF:10
FNH:10
FNDA:8,getCategoryById
FNDA:27,(anonymous_1)
FNDA:4,getTaxBandById
FNDA:14,(anonymous_3)
FNDA:4,getTaxForTaxBand
FNDA:10,(anonymous_5)
FNDA:7,getDiscountForCategory
FNDA:10,(anonymous_7)
FNDA:4,getPriceById
FNDA:14,(anonymous_9)
DA:1,1
DA:2,1
DA:3,1
DA:5,1
DA:6,27
DA:8,8
DA:11,1
DA:12,14
DA:14,4
DA:17,1
DA:18,4
DA:19,10
DA:22,4
DA:25,1
DA:26,7
DA:27,10
DA:30,7
DA:33,1
DA:34,14
DA:36,4
LF:20
LH:20
BRDA:8,0,0,7
BRDA:8,0,1,1
BRDA:14,1,0,4
BRDA:14,1,1,0
BRDA:22,2,0,4
BRDA:22,2,1,0
BRDA:30,3,0,4
BRDA:30,3,1,3
BRDA:36,4,0,4
BRDA:36,4,1,0
BRF:10
BRH:7
end_of_record
TN:
SF:..\..\..\..\repos\checkout-library\src\functions\subtotals.ts
FN:7,calculateDataPerItem
FN:18,(anonymous_1)
FN:19,(anonymous_2)
FN:37,calculateSubtotal
FN:40,(anonymous_4)
FNF:5
FNH:3
FNDA:3,calculateDataPerItem
FNDA:6,(anonymous_1)
FNDA:26,(anonymous_2)
FNDA:0,calculateSubtotal
FNDA:0,(anonymous_4)
DA:2,1
DA:3,1
DA:4,1
DA:5,1
DA:7,1
DA:16,3
DA:18,3
DA:19,26
DA:20,6
DA:21,4
DA:22,4
DA:23,4
DA:24,4
DA:34,3
DA:37,1
DA:38,0
DA:39,0
DA:41,0
DA:45,0
LF:19
LH:15
BRDA:20,0,0,4
BRF:1
BRH:1
end_of_record
TN:
SF:..\..\..\..\repos\checkout-library\src\functions\taxes.ts
FN:5,calculateTotalTax
FN:8,(anonymous_1)
FN:16,calculateTaxPerItem
FNF:3
FNH:1
FNDA:0,calculateTotalTax
FNDA:0,(anonymous_1)
FNDA:4,calculateTaxPerItem
DA:2,1
DA:3,1
DA:5,1
DA:6,0
DA:7,0
DA:9,0
DA:13,0
DA:16,1
DA:21,4
DA:22,4
DA:23,4
DA:24,4
DA:26,4
LF:13
LH:9
BRF:0
BRH:0
end_of_record
TN:
SF:..\..\..\..\repos\checkout-library\src\utils\discountData.ts
FNF:0
FNH:0
DA:1,1
LF:1
LH:1
BRF:0
BRH:0
end_of_record
TN:
SF:..\..\..\..\repos\checkout-library\src\utils\productData.ts
FNF:0
FNH:0
DA:1,1
LF:1
LH:1
BRF:0
BRH:0
end_of_record
TN:
SF:..\..\..\..\repos\checkout-library\src\utils\taxBandData.ts
FNF:0
FNH:0
DA:1,1
LF:1
LH:1
BRF:0
BRH:0
end_of_record
